TN:
SF:src\modules\appointmens\services\CreateAppointmentService.ts
FN:18,(anonymous_18)
FN:19,CreateAppointmentService
FN:30,(anonymous_20)
FNF:3
FNH:3
FNDA:1,(anonymous_18)
FNDA:6,CreateAppointmentService
FNDA:7,(anonymous_20)
DA:1,1
DA:2,1
DA:3,1
DA:18,1
DA:21,6
DA:24,6
DA:27,6
DA:30,1
DA:31,7
DA:32,7
DA:33,7
DA:36,7
DA:38,7
DA:39,2
DA:42,5
DA:46,5
DA:47,0
DA:50,5
DA:51,1
DA:54,4
DA:55,2
DA:60,2
DA:66,2
DA:68,4
DA:73,4
DA:80,2
DA:82,1
DA:84,1
LF:28
LH:27
BRDA:38,0,0,2
BRDA:38,0,1,5
BRDA:46,1,0,0
BRDA:46,1,1,5
BRDA:50,2,0,1
BRDA:50,2,1,4
BRDA:54,3,0,2
BRDA:54,3,1,2
BRDA:54,4,0,4
BRDA:54,4,1,3
BRF:10
BRH:9
end_of_record
TN:
SF:src\modules\appointmens\services\ListProviderAppointmentsService.ts
FN:14,(anonymous_17)
FN:15,ListProviderAppointmentsService
FN:23,(anonymous_19)
FNF:3
FNH:3
FNDA:1,(anonymous_17)
FNDA:1,ListProviderAppointmentsService
FNDA:1,(anonymous_19)
DA:1,1
DA:14,1
DA:17,1
DA:20,1
DA:23,1
DA:24,1
DA:25,1
DA:26,1
DA:27,1
DA:29,1
DA:31,1
DA:35,1
DA:36,1
DA:45,2
DA:48,1
DA:50,1
DA:52,1
LF:17
LH:17
BRDA:48,0,0,1
BRDA:35,1,0,0
BRDA:35,1,1,1
BRF:3
BRH:2
end_of_record
TN:
SF:src\modules\appointmens\services\ListProviderDayAvailabilityService.ts
FN:18,(anonymous_17)
FN:19,ListProviderDayAvailabilityService
FN:24,(anonymous_19)
FN:43,(anonymous_22)
FN:48,(anonymous_23)
FN:50,(anonymous_24)
FNF:6
FNH:6
FNDA:1,(anonymous_17)
FNDA:1,ListProviderDayAvailabilityService
FNDA:1,(anonymous_19)
FNDA:10,(anonymous_22)
FNDA:10,(anonymous_23)
FNDA:19,(anonymous_24)
DA:1,1
DA:2,1
DA:18,1
DA:21,1
DA:24,1
DA:25,1
DA:26,1
DA:27,1
DA:28,1
DA:30,1
DA:39,1
DA:41,1
DA:43,10
DA:46,1
DA:48,1
DA:49,10
DA:50,19
DA:53,10
DA:55,10
DA:61,1
DA:63,1
DA:65,1
LF:22
LH:22
BRDA:30,0,0,1
BRDA:57,1,0,10
BRDA:57,1,1,8
BRF:3
BRH:3
end_of_record
TN:
SF:src\modules\appointmens\services\ListProviderMonthAvailabilityService.ts
FN:17,(anonymous_17)
FN:18,ListProviderMonthAvailabilityService
FN:23,(anonymous_19)
FN:39,(anonymous_22)
FN:42,(anonymous_23)
FN:43,(anonymous_24)
FNF:6
FNH:6
FNDA:1,(anonymous_17)
FNDA:1,ListProviderMonthAvailabilityService
FNDA:1,(anonymous_19)
FNDA:31,(anonymous_22)
FNDA:31,(anonymous_23)
FNDA:310,(anonymous_24)
DA:1,1
DA:2,1
DA:17,1
DA:20,1
DA:23,1
DA:24,1
DA:25,1
DA:26,1
DA:28,1
DA:36,1
DA:37,1
DA:39,31
DA:42,1
DA:43,31
DA:44,310
DA:47,31
DA:53,1
DA:55,1
DA:57,1
LF:19
LH:19
BRDA:28,0,0,1
BRF:1
BRH:1
end_of_record
TN:
SF:src\modules\appointmens\services\ListProvidersService.ts
FN:13,(anonymous_17)
FN:14,ListProvidersService
FN:22,(anonymous_19)
FNF:3
FNH:3
FNDA:1,(anonymous_17)
FNDA:1,ListProvidersService
FNDA:1,(anonymous_19)
DA:1,1
DA:13,1
DA:16,1
DA:19,1
DA:22,1
DA:23,1
DA:27,1
DA:28,1
DA:32,2
DA:35,1
DA:37,1
DA:39,1
LF:12
LH:12
BRDA:23,0,0,1
BRDA:23,0,1,1
BRDA:27,1,0,0
BRDA:27,1,1,1
BRF:4
BRH:3
end_of_record
TN:
SF:src\modules\users\services\AuthenticateUserService.ts
FN:21,(anonymous_18)
FN:22,AuthenticateUserService
FN:30,(anonymous_20)
FNF:3
FNH:3
FNDA:1,(anonymous_18)
FNDA:3,AuthenticateUserService
FNDA:3,(anonymous_20)
DA:1,1
DA:2,1
DA:3,1
DA:5,1
DA:21,1
DA:24,3
DA:27,3
DA:30,3
DA:31,3
DA:33,3
DA:34,1
DA:37,2
DA:41,2
DA:42,1
DA:45,1
DA:47,1
DA:49,1
DA:50,1
DA:55,0
DA:58,1
DA:63,1
DA:65,1
LF:22
LH:21
BRDA:31,0,0,3
BRDA:33,1,0,1
BRDA:33,1,1,2
BRDA:41,2,0,1
BRDA:41,2,1,1
BRDA:49,3,0,1
BRDA:49,3,1,0
BRF:7
BRH:6
end_of_record
TN:
SF:src\modules\users\services\CreateUserService.ts
FN:15,(anonymous_18)
FN:16,CreateUserService
FN:27,(anonymous_20)
FNF:3
FNH:3
FNDA:1,(anonymous_18)
FNDA:2,CreateUserService
FNDA:3,(anonymous_20)
DA:1,1
DA:2,1
DA:15,1
DA:18,2
DA:21,2
DA:24,2
DA:27,3
DA:28,3
DA:30,3
DA:31,1
DA:34,2
DA:36,2
DA:42,4
DA:44,2
DA:46,1
DA:48,1
LF:16
LH:16
BRDA:28,0,0,3
BRDA:30,1,0,1
BRDA:30,1,1,2
BRF:3
BRH:3
end_of_record
TN:
SF:src\modules\users\services\ResetPasswordService.ts
FN:14,(anonymous_18)
FN:15,ResetPasswordService
FN:26,(anonymous_20)
FNF:3
FNH:3
FNDA:1,(anonymous_18)
FNDA:4,ResetPasswordService
FNDA:4,(anonymous_20)
DA:1,1
DA:2,1
DA:3,1
DA:14,1
DA:17,4
DA:20,4
DA:23,4
DA:26,4
DA:27,4
DA:29,4
DA:30,1
DA:33,3
DA:35,3
DA:36,1
DA:39,2
DA:40,2
DA:42,2
DA:43,1
DA:46,1
DA:48,2
DA:50,1
DA:52,1
LF:22
LH:22
BRDA:27,0,0,4
BRDA:29,1,0,1
BRDA:29,1,1,3
BRDA:35,2,0,1
BRDA:35,2,1,2
BRDA:42,3,0,1
BRDA:42,3,1,1
BRF:7
BRH:7
end_of_record
TN:
SF:src\modules\users\services\SendForgotPasswordEmailService.ts
FN:14,(anonymous_18)
FN:15,SendForgotPasswordEmailService
FN:26,(anonymous_20)
FNF:3
FNH:3
FNDA:1,(anonymous_18)
FNDA:3,SendForgotPasswordEmailService
FNDA:3,(anonymous_20)
DA:1,1
DA:2,1
DA:5,1
DA:14,1
DA:17,3
DA:20,3
DA:23,3
DA:26,3
DA:27,3
DA:29,3
DA:30,1
DA:33,2
DA:35,2
DA:42,4
DA:57,1
DA:59,1
LF:16
LH:16
BRDA:27,0,0,3
BRDA:29,1,0,1
BRDA:29,1,1,2
BRF:3
BRH:3
end_of_record
TN:
SF:src\modules\users\services\ShowProfileService.ts
FN:8,(anonymous_18)
FN:9,ShowProfileService
FN:14,(anonymous_20)
FNF:3
FNH:3
FNDA:1,(anonymous_18)
FNDA:2,ShowProfileService
FNDA:2,(anonymous_20)
DA:1,1
DA:2,1
DA:8,1
DA:11,2
DA:14,1
DA:15,2
DA:17,2
DA:18,1
DA:21,1
DA:23,1
DA:25,1
LF:11
LH:11
BRDA:15,0,0,2
BRDA:17,1,0,1
BRDA:17,1,1,1
BRF:3
BRH:3
end_of_record
TN:
SF:src\modules\users\services\UpdateProfileService.ts
FN:17,(anonymous_18)
FN:18,UpdateProfileService
FN:26,(anonymous_20)
FNF:3
FNH:3
FNDA:1,(anonymous_18)
FNDA:6,UpdateProfileService
FNDA:6,(anonymous_20)
DA:1,1
DA:2,1
DA:17,1
DA:20,6
DA:23,6
DA:26,1
DA:27,6
DA:28,6
DA:29,6
DA:30,6
DA:31,6
DA:33,6
DA:35,6
DA:36,1
DA:39,5
DA:41,5
DA:42,1
DA:45,4
DA:46,4
DA:48,4
DA:49,1
DA:52,4
DA:53,2
DA:58,2
DA:59,1
DA:63,3
DA:64,1
DA:67,2
DA:69,1
DA:71,1
LF:30
LH:30
BRDA:33,0,0,6
BRDA:33,0,1,2
BRDA:35,1,0,1
BRDA:35,1,1,5
BRDA:41,2,0,1
BRDA:41,2,1,4
BRDA:41,3,0,5
BRDA:41,3,1,1
BRDA:48,4,0,1
BRDA:48,4,1,3
BRDA:48,5,0,4
BRDA:48,5,1,3
BRDA:52,6,0,1
BRDA:52,6,1,2
BRDA:52,7,0,3
BRDA:52,7,1,2
BRDA:58,8,0,1
BRDA:58,8,1,1
BRDA:63,9,0,1
BRDA:63,9,1,1
BRF:20
BRH:20
end_of_record
TN:
SF:src\modules\users\services\UpdateUserAvatarService.ts
FN:14,(anonymous_18)
FN:15,UpdateUserAvatarService
FN:23,(anonymous_20)
FNF:3
FNH:3
FNDA:1,(anonymous_18)
FNDA:3,UpdateUserAvatarService
FNDA:4,(anonymous_20)
DA:1,1
DA:2,1
DA:14,1
DA:17,3
DA:20,3
DA:23,4
DA:24,4
DA:26,4
DA:27,1
DA:30,5
DA:32,2
DA:35,3
DA:37,3
DA:39,6
DA:41,3
DA:43,1
DA:45,1
LF:17
LH:17
BRDA:24,0,0,4
BRDA:24,0,1,3
BRDA:26,1,0,1
BRDA:26,1,1,3
BRDA:30,2,0,2
BRDA:30,2,1,1
BRF:6
BRH:6
end_of_record
